{"C:\\Users\\강정민\\workspace\\Node\\lecture\\nodetest\\controllers\\user.js": {"path":"C:\\Users\\강정민\\workspace\\Node\\lecture\\nodetest\\controllers\\user.js","statementMap":{"0":{"start":{"line":1,"column":13},"end":{"line":1,"column":38}},"1":{"start":{"line":2,"column":0},"end":{"line":15,"column":1}},"2":{"start":{"line":3,"column":4},"end":{"line":14,"column":7}},"3":{"start":{"line":4,"column":21},"end":{"line":4,"column":71}},"4":{"start":{"line":5,"column":8},"end":{"line":10,"column":9}},"5":{"start":{"line":6,"column":10},"end":{"line":6,"column":63}},"6":{"start":{"line":7,"column":10},"end":{"line":7,"column":30}},"7":{"start":{"line":9,"column":10},"end":{"line":9,"column":42}},"8":{"start":{"line":13,"column":8},"end":{"line":13,"column":20}}},"fnMap":{"0":{"name":"(anonymous_0)","decl":{"start":{"line":2,"column":23},"end":{"line":2,"column":24}},"loc":{"start":{"line":2,"column":49},"end":{"line":15,"column":1}},"line":2}},"branchMap":{"0":{"loc":{"start":{"line":5,"column":8},"end":{"line":10,"column":9}},"type":"if","locations":[{"start":{"line":5,"column":8},"end":{"line":10,"column":9}},{"start":{"line":8,"column":15},"end":{"line":10,"column":9}}],"line":5}},"s":{"0":1,"1":1,"2":3,"3":3,"4":2,"5":1,"6":1,"7":1,"8":1},"f":{"0":3},"b":{"0":[1,1]},"_coverageSchema":"1a1c01bbd47fc00a2c39e90264f33305004495a9","hash":"263fbe8b19f6ebfea26ef386dcfad9971b5a874d"}
,"C:\\Users\\강정민\\workspace\\Node\\lecture\\nodetest\\middlewares\\index.js": {"path":"C:\\Users\\강정민\\workspace\\Node\\lecture\\nodetest\\middlewares\\index.js","statementMap":{"0":{"start":{"line":1,"column":0},"end":{"line":8,"column":2}},"1":{"start":{"line":3,"column":4},"end":{"line":7,"column":5}},"2":{"start":{"line":4,"column":8},"end":{"line":4,"column":15}},"3":{"start":{"line":6,"column":8},"end":{"line":6,"column":39}},"4":{"start":{"line":10,"column":0},"end":{"line":19,"column":2}},"5":{"start":{"line":12,"column":4},"end":{"line":18,"column":5}},"6":{"start":{"line":13,"column":8},"end":{"line":13,"column":15}},"7":{"start":{"line":15,"column":24},"end":{"line":15,"column":57}},"8":{"start":{"line":17,"column":8},"end":{"line":17,"column":43}}},"fnMap":{"0":{"name":"(anonymous_0)","decl":{"start":{"line":1,"column":21},"end":{"line":1,"column":22}},"loc":{"start":{"line":1,"column":41},"end":{"line":8,"column":1}},"line":1},"1":{"name":"(anonymous_1)","decl":{"start":{"line":10,"column":24},"end":{"line":10,"column":25}},"loc":{"start":{"line":10,"column":44},"end":{"line":19,"column":1}},"line":10}},"branchMap":{"0":{"loc":{"start":{"line":3,"column":4},"end":{"line":7,"column":5}},"type":"if","locations":[{"start":{"line":3,"column":4},"end":{"line":7,"column":5}},{"start":{"line":5,"column":9},"end":{"line":7,"column":5}}],"line":3},"1":{"loc":{"start":{"line":12,"column":4},"end":{"line":18,"column":5}},"type":"if","locations":[{"start":{"line":12,"column":4},"end":{"line":18,"column":5}},{"start":{"line":14,"column":9},"end":{"line":18,"column":5}}],"line":12}},"s":{"0":1,"1":2,"2":1,"3":1,"4":1,"5":2,"6":1,"7":1,"8":1},"f":{"0":2,"1":2},"b":{"0":[1,1],"1":[1,1]},"_coverageSchema":"1a1c01bbd47fc00a2c39e90264f33305004495a9","hash":"d295df697ded584bf951c99994c089b2b1e84b8f"}
,"C:\\Users\\강정민\\workspace\\Node\\lecture\\nodetest\\models\\user.js": {"path":"C:\\Users\\강정민\\workspace\\Node\\lecture\\nodetest\\models\\user.js","statementMap":{"0":{"start":{"line":1,"column":18},"end":{"line":1,"column":38}},"1":{"start":{"line":5,"column":8},"end":{"line":37,"column":11}},"2":{"start":{"line":41,"column":8},"end":{"line":41,"column":33}},"3":{"start":{"line":42,"column":8},"end":{"line":46,"column":11}},"4":{"start":{"line":47,"column":8},"end":{"line":51,"column":11}},"5":{"start":{"line":58,"column":0},"end":{"line":58,"column":22}}},"fnMap":{"0":{"name":"(anonymous_0)","decl":{"start":{"line":4,"column":4},"end":{"line":4,"column":5}},"loc":{"start":{"line":4,"column":31},"end":{"line":38,"column":7}},"line":4},"1":{"name":"(anonymous_1)","decl":{"start":{"line":40,"column":6},"end":{"line":40,"column":7}},"loc":{"start":{"line":40,"column":27},"end":{"line":55,"column":5}},"line":40}},"branchMap":{},"s":{"0":2,"1":1,"2":1,"3":1,"4":1,"5":2},"f":{"0":1,"1":1},"b":{},"_coverageSchema":"1a1c01bbd47fc00a2c39e90264f33305004495a9","hash":"3c0ba49bd407e3fee532a142d90c6b9e2aa33161"}
}
