TN:
SF:controllers\user.js
FN:2,(anonymous_0)
FNF:1
FNH:1
FNDA:3,(anonymous_0)
DA:1,1
DA:2,1
DA:3,3
DA:4,3
DA:5,2
DA:6,1
DA:7,1
DA:9,1
DA:13,1
LF:9
LH:9
BRDA:5,0,0,1
BRDA:5,0,1,1
BRF:2
BRH:2
end_of_record
TN:
SF:middlewares\index.js
FN:1,(anonymous_0)
FN:10,(anonymous_1)
FNF:2
FNH:2
FNDA:2,(anonymous_0)
FNDA:2,(anonymous_1)
DA:1,1
DA:3,2
DA:4,1
DA:6,1
DA:10,1
DA:12,2
DA:13,1
DA:15,1
DA:17,1
LF:9
LH:9
BRDA:3,0,0,1
BRDA:3,0,1,1
BRDA:12,1,0,1
BRDA:12,1,1,1
BRF:4
BRH:4
end_of_record
TN:
SF:models\user.js
FN:4,(anonymous_0)
FN:40,(anonymous_1)
FNF:2
FNH:2
FNDA:1,(anonymous_0)
FNDA:1,(anonymous_1)
DA:1,2
DA:5,1
DA:41,1
DA:42,1
DA:47,1
DA:58,2
LF:6
LH:6
BRF:0
BRH:0
end_of_record
